<?xml version="1.0" encoding="UTF-8"?>
<testng-results ignored="0" total="2" passed="2" failed="0" skipped="0">
  <reporter-output>
  </reporter-output>
  <suite started-at="2026-08-08T13:13:11 IST" name="Default suite" finished-at="2026-08-08T13:13:27 IST" duration-ms="16172">
    <groups>
    </groups>
    <test started-at="2026-08-08T13:13:11 IST" name="Default test" finished-at="2026-08-08T13:13:27 IST" duration-ms="16172">
      <class name="test.ProductTest">
        <test-method is-config="true" signature="setup()[pri:0, instance:test.ProductTest@2a5c8d3f]" started-at="2026-08-08T13:13:11 IST" name="setup" finished-at="2026-08-08T13:13:15 IST" duration-ms="3855" status="PASS">
          <reporter-output>
          </reporter-output>
        </test-method> <!-- setup -->
        <test-method signature="getAllProductTest()[pri:0, instance:test.ProductTest@2a5c8d3f]" started-at="2026-08-08T13:13:15 IST" name="getAllProductTest" finished-at="2026-08-08T13:13:27 IST" duration-ms="11434" status="PASS">
          <reporter-output>
          </reporter-output>
        </test-method> <!-- getAllProductTest -->
        <test-method signature="getProductbyIdTest()[pri:0, instance:test.ProductTest@2a5c8d3f]" started-at="2026-08-08T13:13:27 IST" name="getProductbyIdTest" finished-at="2026-08-08T13:13:27 IST" depends-on-methods="test.ProductTest.getAllProductTest" duration-ms="709" status="PASS">
          <reporter-output>
          </reporter-output>
        </test-method> <!-- getProductbyIdTest -->
      </class> <!-- test.ProductTest -->
    </test> <!-- Default test -->
  </suite> <!-- Default suite -->
</testng-results>
